<?xml version="1.0" encoding="UTF-8"?>
<testsuite xmlns:xsi="http://www.w3.org/2001/XMLSchema-instance" xsi:noNamespaceSchemaLocation="https://maven.apache.org/surefire/maven-surefire-plugin/xsd/surefire-test-report.xsd" name="com.easyms.sampleapp.api.ClientResourceTest" time="26.866" tests="3" errors="0" skipped="0" failures="0">
  <properties>
[...]
</properties>
  <testcase name="should_return_forbidden_when_not_permitted" classname="com.easyms.sampleapp.api.ClientResourceTest" time="0.508"/>
  <testcase name="should_return_notfound_when_client_not_exists" classname="com.easyms.sampleapp.api.ClientResourceTest" time="0.123"/>
  <testcase name="should_return_client_when_client_exists" classname="com.easyms.sampleapp.api.ClientResourceTest" time="0.04"/>
</testsuite>